
20-02-2022 20:56:55 [consulting.local][info] Parent plugin start installation!
20-02-2022 20:56:55 [consulting.local][info] Plugin installation: try create plugin tables.
																	-DB Version: 0
																	-Plugin Version in DB: 0
																	-Current Plugin Version: 1.5.6
20-02-2022 20:56:55 [consulting.local][info] Parent plugin installation complete!
-------------------------------
20-02-2022 20:57:10 [consulting.local][info] Try to create backup directory. Backup dir: (E:/OpenServer/domains/consulting-project/wp-content/uploads/wio_backup)
-------------------------------
20-02-2022 20:57:15 [consulting.local][info] Start bulk optimization process! Scope: media-library
20-02-2022 20:57:15 [consulting.local][info] Try to create backup directory. Backup dir: (E:/OpenServer/domains/consulting-project/wp-content/uploads/wio_backup/2022/02)
20-02-2022 20:57:15 [consulting.local][info] Preparing to upload a file (E:/OpenServer/domains/consulting-project/wp-content/uploads/2022/02/about-1.png) to a remote server (server_1).
20-02-2022 20:57:15 [consulting.local][info] File successfully uploaded to remote server (server_1).
20-02-2022 20:57:15 [consulting.local][info] Preparing to upload a file (E:/OpenServer/domains/consulting-project/wp-content/uploads/2022/02/about-1-150x150.png) to a remote server (server_1).
20-02-2022 20:57:15 [consulting.local][info] File successfully uploaded to remote server (server_1).
20-02-2022 20:57:15 [consulting.local][debug] New queue created #1, attributes values: {&quot;server_id&quot;:null,&quot;object_id&quot;:&quot;48&quot;,&quot;object_name&quot;:&quot;&quot;,&quot;item_type&quot;:&quot;attachment&quot;,&quot;item_hash&quot;:null,&quot;item_hash_alternative&quot;:null,&quot;result_status&quot;:&quot;success&quot;,&quot;processing_level&quot;:&quot;normal&quot;,&quot;is_backed_up&quot;:true,&quot;original_size&quot;:25833,&quot;final_size&quot;:19833,&quot;original_mime_type&quot;:&quot;image\/png&quot;,&quot;final_mime_type&quot;:&quot;image\/png&quot;,&quot;extra_data&quot;:&quot;{\&quot;thumbnails_count\&quot;:1,\&quot;original_main_size\&quot;:15618,\&quot;class\&quot;:\&quot;RIO_Attachment_Extra_Data\&quot;}&quot;,&quot;created_at&quot;:1645390635}
20-02-2022 20:57:15 [consulting.local][info] End bulk optimization process! Scope: media-library. Remain: 33
-------------------------------
20-02-2022 20:57:16 [consulting.local][info] Start bulk optimization process! Scope: media-library
20-02-2022 20:57:16 [consulting.local][info] Preparing to upload a file (E:/OpenServer/domains/consulting-project/wp-content/uploads/2022/02/about-banner.png) to a remote server (server_1).
20-02-2022 20:57:16 [consulting.local][info] File successfully uploaded to remote server (server_1).
20-02-2022 20:57:16 [consulting.local][info] Preparing to upload a file (E:/OpenServer/domains/consulting-project/wp-content/uploads/2022/02/about-banner-150x150.png) to a remote server (server_1).
20-02-2022 20:57:17 [consulting.local][info] File successfully uploaded to remote server (server_1).
20-02-2022 20:57:17 [consulting.local][debug] New queue created #2, attributes values: {&quot;server_id&quot;:null,&quot;object_id&quot;:&quot;49&quot;,&quot;object_name&quot;:&quot;&quot;,&quot;item_type&quot;:&quot;attachment&quot;,&quot;item_hash&quot;:null,&quot;item_hash_alternative&quot;:null,&quot;result_status&quot;:&quot;success&quot;,&quot;processing_level&quot;:&quot;normal&quot;,&quot;is_backed_up&quot;:true,&quot;original_size&quot;:36851,&quot;final_size&quot;:28781,&quot;original_mime_type&quot;:&quot;image\/png&quot;,&quot;final_mime_type&quot;:&quot;image\/png&quot;,&quot;extra_data&quot;:&quot;{\&quot;thumbnails_count\&quot;:1,\&quot;original_main_size\&quot;:23805,\&quot;class\&quot;:\&quot;RIO_Attachment_Extra_Data\&quot;}&quot;,&quot;created_at&quot;:1645390637}
20-02-2022 20:57:17 [consulting.local][info] End bulk optimization process! Scope: media-library. Remain: 32
-------------------------------
20-02-2022 20:57:17 [consulting.local][info] Start bulk optimization process! Scope: media-library
20-02-2022 20:57:17 [consulting.local][info] Preparing to upload a file (E:/OpenServer/domains/consulting-project/wp-content/uploads/2022/02/beetroot.jpg) to a remote server (server_1).
20-02-2022 20:57:17 [consulting.local][info] File successfully uploaded to remote server (server_1).
20-02-2022 20:57:18 [consulting.local][info] Preparing to upload a file (E:/OpenServer/domains/consulting-project/wp-content/uploads/2022/02/beetroot-150x150.jpg) to a remote server (server_1).
20-02-2022 20:57:18 [consulting.local][info] File successfully uploaded to remote server (server_1).
20-02-2022 20:57:18 [consulting.local][debug] New queue created #3, attributes values: {&quot;server_id&quot;:null,&quot;object_id&quot;:&quot;50&quot;,&quot;object_name&quot;:&quot;&quot;,&quot;item_type&quot;:&quot;attachment&quot;,&quot;item_hash&quot;:null,&quot;item_hash_alternative&quot;:null,&quot;result_status&quot;:&quot;success&quot;,&quot;processing_level&quot;:&quot;normal&quot;,&quot;is_backed_up&quot;:true,&quot;original_size&quot;:37195,&quot;final_size&quot;:37195,&quot;original_mime_type&quot;:&quot;image\/jpeg&quot;,&quot;final_mime_type&quot;:&quot;image\/jpeg&quot;,&quot;extra_data&quot;:&quot;{\&quot;thumbnails_count\&quot;:1,\&quot;original_main_size\&quot;:30281,\&quot;class\&quot;:\&quot;RIO_Attachment_Extra_Data\&quot;}&quot;,&quot;created_at&quot;:1645390638}
20-02-2022 20:57:18 [consulting.local][info] End bulk optimization process! Scope: media-library. Remain: 31
-------------------------------
20-02-2022 20:57:18 [consulting.local][info] Start bulk optimization process! Scope: media-library
20-02-2022 20:57:18 [consulting.local][info] Preparing to upload a file (E:/OpenServer/domains/consulting-project/wp-content/uploads/2022/02/beetroot-sm.png) to a remote server (server_1).
20-02-2022 20:57:18 [consulting.local][info] File successfully uploaded to remote server (server_1).
20-02-2022 20:57:19 [consulting.local][debug] New queue created #4, attributes values: {&quot;server_id&quot;:null,&quot;object_id&quot;:&quot;51&quot;,&quot;object_name&quot;:&quot;&quot;,&quot;item_type&quot;:&quot;attachment&quot;,&quot;item_hash&quot;:null,&quot;item_hash_alternative&quot;:null,&quot;result_status&quot;:&quot;success&quot;,&quot;processing_level&quot;:&quot;normal&quot;,&quot;is_backed_up&quot;:true,&quot;original_size&quot;:396,&quot;final_size&quot;:396,&quot;original_mime_type&quot;:&quot;image\/png&quot;,&quot;final_mime_type&quot;:&quot;image\/png&quot;,&quot;extra_data&quot;:&quot;{\&quot;thumbnails_count\&quot;:0,\&quot;original_main_size\&quot;:396,\&quot;class\&quot;:\&quot;RIO_Attachment_Extra_Data\&quot;}&quot;,&quot;created_at&quot;:1645390639}
20-02-2022 20:57:19 [consulting.local][info] End bulk optimization process! Scope: media-library. Remain: 30
-------------------------------
20-02-2022 20:57:19 [consulting.local][info] Start bulk optimization process! Scope: media-library
20-02-2022 20:57:19 [consulting.local][info] Preparing to upload a file (E:/OpenServer/domains/consulting-project/wp-content/uploads/2022/02/clients_curve_drawing.png) to a remote server (server_1).
20-02-2022 20:57:19 [consulting.local][info] File successfully uploaded to remote server (server_1).
20-02-2022 20:57:19 [consulting.local][info] Preparing to upload a file (E:/OpenServer/domains/consulting-project/wp-content/uploads/2022/02/clients_curve_drawing-53x150.png) to a remote server (server_1).
20-02-2022 20:57:20 [consulting.local][info] File successfully uploaded to remote server (server_1).
20-02-2022 20:57:20 [consulting.local][debug] New queue created #5, attributes values: {&quot;server_id&quot;:null,&quot;object_id&quot;:&quot;52&quot;,&quot;object_name&quot;:&quot;&quot;,&quot;item_type&quot;:&quot;attachment&quot;,&quot;item_hash&quot;:null,&quot;item_hash_alternative&quot;:null,&quot;result_status&quot;:&quot;success&quot;,&quot;processing_level&quot;:&quot;normal&quot;,&quot;is_backed_up&quot;:true,&quot;original_size&quot;:4242,&quot;final_size&quot;:2257,&quot;original_mime_type&quot;:&quot;image\/png&quot;,&quot;final_mime_type&quot;:&quot;image\/png&quot;,&quot;extra_data&quot;:&quot;{\&quot;thumbnails_count\&quot;:1,\&quot;original_main_size\&quot;:1229,\&quot;class\&quot;:\&quot;RIO_Attachment_Extra_Data\&quot;}&quot;,&quot;created_at&quot;:1645390640}
20-02-2022 20:57:20 [consulting.local][info] End bulk optimization process! Scope: media-library. Remain: 29
-------------------------------
20-02-2022 20:57:20 [consulting.local][info] Start bulk optimization process! Scope: media-library
20-02-2022 20:57:20 [consulting.local][info] Preparing to upload a file (E:/OpenServer/domains/consulting-project/wp-content/uploads/2022/02/comment-sm_curve_drawing.png) to a remote server (server_1).
20-02-2022 20:57:20 [consulting.local][info] File successfully uploaded to remote server (server_1).
20-02-2022 20:57:20 [consulting.local][info] Preparing to upload a file (E:/OpenServer/domains/consulting-project/wp-content/uploads/2022/02/comment-sm_curve_drawing-109x150.png) to a remote server (server_1).
20-02-2022 20:57:21 [consulting.local][info] File successfully uploaded to remote server (server_1).
20-02-2022 20:57:21 [consulting.local][debug] New queue created #6, attributes values: {&quot;server_id&quot;:null,&quot;object_id&quot;:&quot;53&quot;,&quot;object_name&quot;:&quot;&quot;,&quot;item_type&quot;:&quot;attachment&quot;,&quot;item_hash&quot;:null,&quot;item_hash_alternative&quot;:null,&quot;result_status&quot;:&quot;success&quot;,&quot;processing_level&quot;:&quot;normal&quot;,&quot;is_backed_up&quot;:true,&quot;original_size&quot;:4504,&quot;final_size&quot;:2559,&quot;original_mime_type&quot;:&quot;image\/png&quot;,&quot;final_mime_type&quot;:&quot;image\/png&quot;,&quot;extra_data&quot;:&quot;{\&quot;thumbnails_count\&quot;:1,\&quot;original_main_size\&quot;:1660,\&quot;class\&quot;:\&quot;RIO_Attachment_Extra_Data\&quot;}&quot;,&quot;created_at&quot;:1645390641}
20-02-2022 20:57:21 [consulting.local][info] End bulk optimization process! Scope: media-library. Remain: 28
-------------------------------
20-02-2022 20:57:21 [consulting.local][info] Start bulk optimization process! Scope: media-library
20-02-2022 20:57:21 [consulting.local][info] Preparing to upload a file (E:/OpenServer/domains/consulting-project/wp-content/uploads/2022/02/comment-your_image_here-1.png) to a remote server (server_1).
20-02-2022 20:57:21 [consulting.local][info] File successfully uploaded to remote server (server_1).
20-02-2022 20:57:21 [consulting.local][debug] New queue created #7, attributes values: {&quot;server_id&quot;:null,&quot;object_id&quot;:&quot;54&quot;,&quot;object_name&quot;:&quot;&quot;,&quot;item_type&quot;:&quot;attachment&quot;,&quot;item_hash&quot;:null,&quot;item_hash_alternative&quot;:null,&quot;result_status&quot;:&quot;success&quot;,&quot;processing_level&quot;:&quot;normal&quot;,&quot;is_backed_up&quot;:true,&quot;original_size&quot;:1767,&quot;final_size&quot;:1767,&quot;original_mime_type&quot;:&quot;image\/png&quot;,&quot;final_mime_type&quot;:&quot;image\/png&quot;,&quot;extra_data&quot;:&quot;{\&quot;thumbnails_count\&quot;:0,\&quot;original_main_size\&quot;:1767,\&quot;class\&quot;:\&quot;RIO_Attachment_Extra_Data\&quot;}&quot;,&quot;created_at&quot;:1645390641}
20-02-2022 20:57:21 [consulting.local][info] End bulk optimization process! Scope: media-library. Remain: 27
-------------------------------
20-02-2022 20:57:22 [consulting.local][info] Start bulk optimization process! Scope: media-library
20-02-2022 20:57:22 [consulting.local][info] Preparing to upload a file (E:/OpenServer/domains/consulting-project/wp-content/uploads/2022/02/comment-your_image_here-2.png) to a remote server (server_1).
20-02-2022 20:57:22 [consulting.local][info] File successfully uploaded to remote server (server_1).
20-02-2022 20:57:22 [consulting.local][debug] New queue created #8, attributes values: {&quot;server_id&quot;:null,&quot;object_id&quot;:&quot;55&quot;,&quot;object_name&quot;:&quot;&quot;,&quot;item_type&quot;:&quot;attachment&quot;,&quot;item_hash&quot;:null,&quot;item_hash_alternative&quot;:null,&quot;result_status&quot;:&quot;success&quot;,&quot;processing_level&quot;:&quot;normal&quot;,&quot;is_backed_up&quot;:true,&quot;original_size&quot;:1179,&quot;final_size&quot;:1179,&quot;original_mime_type&quot;:&quot;image\/png&quot;,&quot;final_mime_type&quot;:&quot;image\/png&quot;,&quot;extra_data&quot;:&quot;{\&quot;thumbnails_count\&quot;:0,\&quot;original_main_size\&quot;:1179,\&quot;class\&quot;:\&quot;RIO_Attachment_Extra_Data\&quot;}&quot;,&quot;created_at&quot;:1645390642}
20-02-2022 20:57:22 [consulting.local][info] End bulk optimization process! Scope: media-library. Remain: 26
-------------------------------
20-02-2022 20:57:23 [consulting.local][info] Start bulk optimization process! Scope: media-library
20-02-2022 20:57:23 [consulting.local][info] Preparing to upload a file (E:/OpenServer/domains/consulting-project/wp-content/uploads/2022/02/comment-your_image_here-3.png) to a remote server (server_1).
20-02-2022 20:57:23 [consulting.local][info] File successfully uploaded to remote server (server_1).
20-02-2022 20:57:23 [consulting.local][debug] New queue created #9, attributes values: {&quot;server_id&quot;:null,&quot;object_id&quot;:&quot;56&quot;,&quot;object_name&quot;:&quot;&quot;,&quot;item_type&quot;:&quot;attachment&quot;,&quot;item_hash&quot;:null,&quot;item_hash_alternative&quot;:null,&quot;result_status&quot;:&quot;success&quot;,&quot;processing_level&quot;:&quot;normal&quot;,&quot;is_backed_up&quot;:true,&quot;original_size&quot;:1798,&quot;final_size&quot;:1798,&quot;original_mime_type&quot;:&quot;image\/png&quot;,&quot;final_mime_type&quot;:&quot;image\/png&quot;,&quot;extra_data&quot;:&quot;{\&quot;thumbnails_count\&quot;:0,\&quot;original_main_size\&quot;:1798,\&quot;class\&quot;:\&quot;RIO_Attachment_Extra_Data\&quot;}&quot;,&quot;created_at&quot;:1645390643}
20-02-2022 20:57:23 [consulting.local][info] End bulk optimization process! Scope: media-library. Remain: 25
-------------------------------
20-02-2022 20:57:23 [consulting.local][info] Start bulk optimization process! Scope: media-library
20-02-2022 20:57:23 [consulting.local][info] Preparing to upload a file (E:/OpenServer/domains/consulting-project/wp-content/uploads/2022/02/comment-your_image_here-4.png) to a remote server (server_1).
20-02-2022 20:57:23 [consulting.local][info] File successfully uploaded to remote server (server_1).
20-02-2022 20:57:24 [consulting.local][debug] New queue created #10, attributes values: {&quot;server_id&quot;:null,&quot;object_id&quot;:&quot;57&quot;,&quot;object_name&quot;:&quot;&quot;,&quot;item_type&quot;:&quot;attachment&quot;,&quot;item_hash&quot;:null,&quot;item_hash_alternative&quot;:null,&quot;result_status&quot;:&quot;success&quot;,&quot;processing_level&quot;:&quot;normal&quot;,&quot;is_backed_up&quot;:true,&quot;original_size&quot;:1577,&quot;final_size&quot;:1577,&quot;original_mime_type&quot;:&quot;image\/png&quot;,&quot;final_mime_type&quot;:&quot;image\/png&quot;,&quot;extra_data&quot;:&quot;{\&quot;thumbnails_count\&quot;:0,\&quot;original_main_size\&quot;:1577,\&quot;class\&quot;:\&quot;RIO_Attachment_Extra_Data\&quot;}&quot;,&quot;created_at&quot;:1645390644}
20-02-2022 20:57:24 [consulting.local][info] End bulk optimization process! Scope: media-library. Remain: 24
-------------------------------
20-02-2022 20:57:24 [consulting.local][info] Start bulk optimization process! Scope: media-library
20-02-2022 20:57:24 [consulting.local][info] Preparing to upload a file (E:/OpenServer/domains/consulting-project/wp-content/uploads/2022/02/comment-your_image_here-5.png) to a remote server (server_1).
20-02-2022 20:57:24 [consulting.local][info] File successfully uploaded to remote server (server_1).
20-02-2022 20:57:24 [consulting.local][debug] New queue created #11, attributes values: {&quot;server_id&quot;:null,&quot;object_id&quot;:&quot;58&quot;,&quot;object_name&quot;:&quot;&quot;,&quot;item_type&quot;:&quot;attachment&quot;,&quot;item_hash&quot;:null,&quot;item_hash_alternative&quot;:null,&quot;result_status&quot;:&quot;success&quot;,&quot;processing_level&quot;:&quot;normal&quot;,&quot;is_backed_up&quot;:true,&quot;original_size&quot;:1204,&quot;final_size&quot;:1204,&quot;original_mime_type&quot;:&quot;image\/png&quot;,&quot;final_mime_type&quot;:&quot;image\/png&quot;,&quot;extra_data&quot;:&quot;{\&quot;thumbnails_count\&quot;:0,\&quot;original_main_size\&quot;:1204,\&quot;class\&quot;:\&quot;RIO_Attachment_Extra_Data\&quot;}&quot;,&quot;created_at&quot;:1645390644}
20-02-2022 20:57:24 [consulting.local][info] End bulk optimization process! Scope: media-library. Remain: 23
-------------------------------
20-02-2022 20:57:25 [consulting.local][info] Start bulk optimization process! Scope: media-library
20-02-2022 20:57:25 [consulting.local][info] Preparing to upload a file (E:/OpenServer/domains/consulting-project/wp-content/uploads/2022/02/comment-your_image_here-6.png) to a remote server (server_1).
20-02-2022 20:57:25 [consulting.local][info] File successfully uploaded to remote server (server_1).
20-02-2022 20:57:25 [consulting.local][debug] New queue created #12, attributes values: {&quot;server_id&quot;:null,&quot;object_id&quot;:&quot;59&quot;,&quot;object_name&quot;:&quot;&quot;,&quot;item_type&quot;:&quot;attachment&quot;,&quot;item_hash&quot;:null,&quot;item_hash_alternative&quot;:null,&quot;result_status&quot;:&quot;success&quot;,&quot;processing_level&quot;:&quot;normal&quot;,&quot;is_backed_up&quot;:true,&quot;original_size&quot;:1756,&quot;final_size&quot;:1756,&quot;original_mime_type&quot;:&quot;image\/png&quot;,&quot;final_mime_type&quot;:&quot;image\/png&quot;,&quot;extra_data&quot;:&quot;{\&quot;thumbnails_count\&quot;:0,\&quot;original_main_size\&quot;:1756,\&quot;class\&quot;:\&quot;RIO_Attachment_Extra_Data\&quot;}&quot;,&quot;created_at&quot;:1645390645}
20-02-2022 20:57:25 [consulting.local][info] End bulk optimization process! Scope: media-library. Remain: 22
-------------------------------
20-02-2022 20:57:26 [consulting.local][info] Start bulk optimization process! Scope: media-library
20-02-2022 20:57:26 [consulting.local][info] Preparing to upload a file (E:/OpenServer/domains/consulting-project/wp-content/uploads/2022/02/comment-your_image_here-7.png) to a remote server (server_1).
20-02-2022 20:57:26 [consulting.local][info] File successfully uploaded to remote server (server_1).
20-02-2022 20:57:26 [consulting.local][debug] New queue created #13, attributes values: {&quot;server_id&quot;:null,&quot;object_id&quot;:&quot;60&quot;,&quot;object_name&quot;:&quot;&quot;,&quot;item_type&quot;:&quot;attachment&quot;,&quot;item_hash&quot;:null,&quot;item_hash_alternative&quot;:null,&quot;result_status&quot;:&quot;success&quot;,&quot;processing_level&quot;:&quot;normal&quot;,&quot;is_backed_up&quot;:true,&quot;original_size&quot;:1048,&quot;final_size&quot;:1048,&quot;original_mime_type&quot;:&quot;image\/png&quot;,&quot;final_mime_type&quot;:&quot;image\/png&quot;,&quot;extra_data&quot;:&quot;{\&quot;thumbnails_count\&quot;:0,\&quot;original_main_size\&quot;:1048,\&quot;class\&quot;:\&quot;RIO_Attachment_Extra_Data\&quot;}&quot;,&quot;created_at&quot;:1645390646}
20-02-2022 20:57:26 [consulting.local][info] End bulk optimization process! Scope: media-library. Remain: 21
-------------------------------
20-02-2022 20:57:26 [consulting.local][info] Start bulk optimization process! Scope: media-library
20-02-2022 20:57:26 [consulting.local][info] Preparing to upload a file (E:/OpenServer/domains/consulting-project/wp-content/uploads/2022/02/contact-banner.png) to a remote server (server_1).
20-02-2022 20:57:27 [consulting.local][info] File successfully uploaded to remote server (server_1).
20-02-2022 20:57:27 [consulting.local][info] Preparing to upload a file (E:/OpenServer/domains/consulting-project/wp-content/uploads/2022/02/contact-banner-150x150.png) to a remote server (server_1).
20-02-2022 20:57:27 [consulting.local][info] File successfully uploaded to remote server (server_1).
20-02-2022 20:57:27 [consulting.local][debug] New queue created #14, attributes values: {&quot;server_id&quot;:null,&quot;object_id&quot;:&quot;62&quot;,&quot;object_name&quot;:&quot;&quot;,&quot;item_type&quot;:&quot;attachment&quot;,&quot;item_hash&quot;:null,&quot;item_hash_alternative&quot;:null,&quot;result_status&quot;:&quot;success&quot;,&quot;processing_level&quot;:&quot;normal&quot;,&quot;is_backed_up&quot;:true,&quot;original_size&quot;:35650,&quot;final_size&quot;:27330,&quot;original_mime_type&quot;:&quot;image\/png&quot;,&quot;final_mime_type&quot;:&quot;image\/png&quot;,&quot;extra_data&quot;:&quot;{\&quot;thumbnails_count\&quot;:1,\&quot;original_main_size\&quot;:22203,\&quot;class\&quot;:\&quot;RIO_Attachment_Extra_Data\&quot;}&quot;,&quot;created_at&quot;:1645390647}
20-02-2022 20:57:27 [consulting.local][info] End bulk optimization process! Scope: media-library. Remain: 20
-------------------------------
20-02-2022 20:57:27 [consulting.local][info] Start bulk optimization process! Scope: media-library
20-02-2022 20:57:28 [consulting.local][info] Preparing to upload a file (E:/OpenServer/domains/consulting-project/wp-content/uploads/2022/02/favicon.png) to a remote server (server_1).
20-02-2022 20:57:28 [consulting.local][info] File successfully uploaded to remote server (server_1).
20-02-2022 20:57:28 [consulting.local][info] Preparing to upload a file (E:/OpenServer/domains/consulting-project/wp-content/uploads/2022/02/favicon-150x150.png) to a remote server (server_1).
20-02-2022 20:57:28 [consulting.local][info] File successfully uploaded to remote server (server_1).
20-02-2022 20:57:28 [consulting.local][debug] New queue created #15, attributes values: {&quot;server_id&quot;:null,&quot;object_id&quot;:&quot;63&quot;,&quot;object_name&quot;:&quot;&quot;,&quot;item_type&quot;:&quot;attachment&quot;,&quot;item_hash&quot;:null,&quot;item_hash_alternative&quot;:null,&quot;result_status&quot;:&quot;success&quot;,&quot;processing_level&quot;:&quot;normal&quot;,&quot;is_backed_up&quot;:true,&quot;original_size&quot;:6618,&quot;final_size&quot;:5264,&quot;original_mime_type&quot;:&quot;image\/png&quot;,&quot;final_mime_type&quot;:&quot;image\/png&quot;,&quot;extra_data&quot;:&quot;{\&quot;thumbnails_count\&quot;:1,\&quot;original_main_size\&quot;:3293,\&quot;class\&quot;:\&quot;RIO_Attachment_Extra_Data\&quot;}&quot;,&quot;created_at&quot;:1645390648}
20-02-2022 20:57:28 [consulting.local][info] End bulk optimization process! Scope: media-library. Remain: 19
-------------------------------
20-02-2022 20:57:29 [consulting.local][info] Start bulk optimization process! Scope: media-library
20-02-2022 20:57:29 [consulting.local][info] Preparing to upload a file (E:/OpenServer/domains/consulting-project/wp-content/uploads/2022/02/featured-work-bg.png) to a remote server (server_1).
20-02-2022 20:57:30 [consulting.local][info] File successfully uploaded to remote server (server_1).
20-02-2022 20:57:30 [consulting.local][info] Preparing to upload a file (E:/OpenServer/domains/consulting-project/wp-content/uploads/2022/02/featured-work-bg-150x150.png) to a remote server (server_1).
20-02-2022 20:57:31 [consulting.local][info] File successfully uploaded to remote server (server_1).
20-02-2022 20:57:31 [consulting.local][debug] New queue created #16, attributes values: {&quot;server_id&quot;:null,&quot;object_id&quot;:&quot;64&quot;,&quot;object_name&quot;:&quot;&quot;,&quot;item_type&quot;:&quot;attachment&quot;,&quot;item_hash&quot;:null,&quot;item_hash_alternative&quot;:null,&quot;result_status&quot;:&quot;success&quot;,&quot;processing_level&quot;:&quot;normal&quot;,&quot;is_backed_up&quot;:true,&quot;original_size&quot;:171182,&quot;final_size&quot;:156108,&quot;original_mime_type&quot;:&quot;image\/png&quot;,&quot;final_mime_type&quot;:&quot;image\/png&quot;,&quot;extra_data&quot;:&quot;{\&quot;thumbnails_count\&quot;:1,\&quot;original_main_size\&quot;:156418,\&quot;class\&quot;:\&quot;RIO_Attachment_Extra_Data\&quot;}&quot;,&quot;created_at&quot;:1645390651}
20-02-2022 20:57:31 [consulting.local][info] End bulk optimization process! Scope: media-library. Remain: 18
-------------------------------
20-02-2022 20:57:31 [consulting.local][info] Start bulk optimization process! Scope: media-library
20-02-2022 20:57:31 [consulting.local][info] Preparing to upload a file (E:/OpenServer/domains/consulting-project/wp-content/uploads/2022/02/featured-work-searching.png) to a remote server (server_1).
20-02-2022 20:57:31 [consulting.local][info] File successfully uploaded to remote server (server_1).
20-02-2022 20:57:32 [consulting.local][info] Preparing to upload a file (E:/OpenServer/domains/consulting-project/wp-content/uploads/2022/02/featured-work-searching-150x150.png) to a remote server (server_1).
20-02-2022 20:57:32 [consulting.local][info] File successfully uploaded to remote server (server_1).
20-02-2022 20:57:32 [consulting.local][debug] New queue created #17, attributes values: {&quot;server_id&quot;:null,&quot;object_id&quot;:&quot;65&quot;,&quot;object_name&quot;:&quot;&quot;,&quot;item_type&quot;:&quot;attachment&quot;,&quot;item_hash&quot;:null,&quot;item_hash_alternative&quot;:null,&quot;result_status&quot;:&quot;success&quot;,&quot;processing_level&quot;:&quot;normal&quot;,&quot;is_backed_up&quot;:true,&quot;original_size&quot;:33762,&quot;final_size&quot;:20184,&quot;original_mime_type&quot;:&quot;image\/png&quot;,&quot;final_mime_type&quot;:&quot;image\/png&quot;,&quot;extra_data&quot;:&quot;{\&quot;thumbnails_count\&quot;:1,\&quot;original_main_size\&quot;:12715,\&quot;class\&quot;:\&quot;RIO_Attachment_Extra_Data\&quot;}&quot;,&quot;created_at&quot;:1645390652}
20-02-2022 20:57:32 [consulting.local][info] End bulk optimization process! Scope: media-library. Remain: 17
-------------------------------
20-02-2022 20:57:32 [consulting.local][info] Start bulk optimization process! Scope: media-library
20-02-2022 20:57:32 [consulting.local][info] Preparing to upload a file (E:/OpenServer/domains/consulting-project/wp-content/uploads/2022/02/forvard.png) to a remote server (server_1).
20-02-2022 20:57:33 [consulting.local][info] File successfully uploaded to remote server (server_1).
20-02-2022 20:57:33 [consulting.local][info] Preparing to upload a file (E:/OpenServer/domains/consulting-project/wp-content/uploads/2022/02/forvard-150x150.png) to a remote server (server_1).
20-02-2022 20:57:33 [consulting.local][info] File successfully uploaded to remote server (server_1).
20-02-2022 20:57:33 [consulting.local][debug] New queue created #18, attributes values: {&quot;server_id&quot;:null,&quot;object_id&quot;:&quot;66&quot;,&quot;object_name&quot;:&quot;&quot;,&quot;item_type&quot;:&quot;attachment&quot;,&quot;item_hash&quot;:null,&quot;item_hash_alternative&quot;:null,&quot;result_status&quot;:&quot;success&quot;,&quot;processing_level&quot;:&quot;normal&quot;,&quot;is_backed_up&quot;:true,&quot;original_size&quot;:34950,&quot;final_size&quot;:25858,&quot;original_mime_type&quot;:&quot;image\/png&quot;,&quot;final_mime_type&quot;:&quot;image\/png&quot;,&quot;extra_data&quot;:&quot;{\&quot;thumbnails_count\&quot;:1,\&quot;original_main_size\&quot;:19980,\&quot;class\&quot;:\&quot;RIO_Attachment_Extra_Data\&quot;}&quot;,&quot;created_at&quot;:1645390653}
20-02-2022 20:57:33 [consulting.local][info] End bulk optimization process! Scope: media-library. Remain: 16
-------------------------------
20-02-2022 20:57:34 [consulting.local][info] Start bulk optimization process! Scope: media-library
20-02-2022 20:57:34 [consulting.local][info] Preparing to upload a file (E:/OpenServer/domains/consulting-project/wp-content/uploads/2022/02/home-banner-1.png) to a remote server (server_1).
20-02-2022 20:57:34 [consulting.local][info] File successfully uploaded to remote server (server_1).
20-02-2022 20:57:34 [consulting.local][info] Preparing to upload a file (E:/OpenServer/domains/consulting-project/wp-content/uploads/2022/02/home-banner-1-150x150.png) to a remote server (server_1).
20-02-2022 20:57:34 [consulting.local][info] File successfully uploaded to remote server (server_1).
20-02-2022 20:57:35 [consulting.local][debug] New queue created #19, attributes values: {&quot;server_id&quot;:null,&quot;object_id&quot;:&quot;68&quot;,&quot;object_name&quot;:&quot;&quot;,&quot;item_type&quot;:&quot;attachment&quot;,&quot;item_hash&quot;:null,&quot;item_hash_alternative&quot;:null,&quot;result_status&quot;:&quot;success&quot;,&quot;processing_level&quot;:&quot;normal&quot;,&quot;is_backed_up&quot;:true,&quot;original_size&quot;:58009,&quot;final_size&quot;:45470,&quot;original_mime_type&quot;:&quot;image\/png&quot;,&quot;final_mime_type&quot;:&quot;image\/png&quot;,&quot;extra_data&quot;:&quot;{\&quot;thumbnails_count\&quot;:1,\&quot;original_main_size\&quot;:39169,\&quot;class\&quot;:\&quot;RIO_Attachment_Extra_Data\&quot;}&quot;,&quot;created_at&quot;:1645390655}
20-02-2022 20:57:35 [consulting.local][info] End bulk optimization process! Scope: media-library. Remain: 15
-------------------------------
20-02-2022 20:57:35 [consulting.local][info] Start bulk optimization process! Scope: media-library
20-02-2022 20:57:35 [consulting.local][info] Preparing to upload a file (E:/OpenServer/domains/consulting-project/wp-content/uploads/2022/02/logo-1.png) to a remote server (server_1).
20-02-2022 20:57:35 [consulting.local][info] File successfully uploaded to remote server (server_1).
20-02-2022 20:57:35 [consulting.local][debug] New queue created #20, attributes values: {&quot;server_id&quot;:null,&quot;object_id&quot;:&quot;69&quot;,&quot;object_name&quot;:&quot;&quot;,&quot;item_type&quot;:&quot;attachment&quot;,&quot;item_hash&quot;:null,&quot;item_hash_alternative&quot;:null,&quot;result_status&quot;:&quot;success&quot;,&quot;processing_level&quot;:&quot;normal&quot;,&quot;is_backed_up&quot;:true,&quot;original_size&quot;:684,&quot;final_size&quot;:684,&quot;original_mime_type&quot;:&quot;image\/png&quot;,&quot;final_mime_type&quot;:&quot;image\/png&quot;,&quot;extra_data&quot;:&quot;{\&quot;thumbnails_count\&quot;:0,\&quot;original_main_size\&quot;:684,\&quot;class\&quot;:\&quot;RIO_Attachment_Extra_Data\&quot;}&quot;,&quot;created_at&quot;:1645390655}
20-02-2022 20:57:35 [consulting.local][info] End bulk optimization process! Scope: media-library. Remain: 14
-------------------------------
20-02-2022 20:57:36 [consulting.local][info] Start bulk optimization process! Scope: media-library
20-02-2022 20:57:36 [consulting.local][info] Preparing to upload a file (E:/OpenServer/domains/consulting-project/wp-content/uploads/2022/02/our-mission-money.png) to a remote server (server_1).
20-02-2022 20:57:36 [consulting.local][info] File successfully uploaded to remote server (server_1).
20-02-2022 20:57:36 [consulting.local][debug] New queue created #21, attributes values: {&quot;server_id&quot;:null,&quot;object_id&quot;:&quot;70&quot;,&quot;object_name&quot;:&quot;&quot;,&quot;item_type&quot;:&quot;attachment&quot;,&quot;item_hash&quot;:null,&quot;item_hash_alternative&quot;:null,&quot;result_status&quot;:&quot;success&quot;,&quot;processing_level&quot;:&quot;normal&quot;,&quot;is_backed_up&quot;:true,&quot;original_size&quot;:3487,&quot;final_size&quot;:3487,&quot;original_mime_type&quot;:&quot;image\/png&quot;,&quot;final_mime_type&quot;:&quot;image\/png&quot;,&quot;extra_data&quot;:&quot;{\&quot;thumbnails_count\&quot;:0,\&quot;original_main_size\&quot;:3487,\&quot;class\&quot;:\&quot;RIO_Attachment_Extra_Data\&quot;}&quot;,&quot;created_at&quot;:1645390656}
20-02-2022 20:57:36 [consulting.local][info] End bulk optimization process! Scope: media-library. Remain: 13
-------------------------------
20-02-2022 20:57:36 [consulting.local][info] Start bulk optimization process! Scope: media-library
20-02-2022 20:57:36 [consulting.local][info] Preparing to upload a file (E:/OpenServer/domains/consulting-project/wp-content/uploads/2022/02/our-mission-no_message.png) to a remote server (server_1).
20-02-2022 20:57:37 [consulting.local][info] File successfully uploaded to remote server (server_1).
20-02-2022 20:57:37 [consulting.local][debug] New queue created #22, attributes values: {&quot;server_id&quot;:null,&quot;object_id&quot;:&quot;71&quot;,&quot;object_name&quot;:&quot;&quot;,&quot;item_type&quot;:&quot;attachment&quot;,&quot;item_hash&quot;:null,&quot;item_hash_alternative&quot;:null,&quot;result_status&quot;:&quot;success&quot;,&quot;processing_level&quot;:&quot;normal&quot;,&quot;is_backed_up&quot;:true,&quot;original_size&quot;:4046,&quot;final_size&quot;:4046,&quot;original_mime_type&quot;:&quot;image\/png&quot;,&quot;final_mime_type&quot;:&quot;image\/png&quot;,&quot;extra_data&quot;:&quot;{\&quot;thumbnails_count\&quot;:0,\&quot;original_main_size\&quot;:4046,\&quot;class\&quot;:\&quot;RIO_Attachment_Extra_Data\&quot;}&quot;,&quot;created_at&quot;:1645390657}
20-02-2022 20:57:37 [consulting.local][info] End bulk optimization process! Scope: media-library. Remain: 12
-------------------------------
20-02-2022 20:57:37 [consulting.local][info] Start bulk optimization process! Scope: media-library
20-02-2022 20:57:37 [consulting.local][info] Preparing to upload a file (E:/OpenServer/domains/consulting-project/wp-content/uploads/2022/02/our-mission-support.png) to a remote server (server_1).
20-02-2022 20:57:37 [consulting.local][info] File successfully uploaded to remote server (server_1).
20-02-2022 20:57:37 [consulting.local][debug] New queue created #23, attributes values: {&quot;server_id&quot;:null,&quot;object_id&quot;:&quot;72&quot;,&quot;object_name&quot;:&quot;&quot;,&quot;item_type&quot;:&quot;attachment&quot;,&quot;item_hash&quot;:null,&quot;item_hash_alternative&quot;:null,&quot;result_status&quot;:&quot;success&quot;,&quot;processing_level&quot;:&quot;normal&quot;,&quot;is_backed_up&quot;:true,&quot;original_size&quot;:3910,&quot;final_size&quot;:3910,&quot;original_mime_type&quot;:&quot;image\/png&quot;,&quot;final_mime_type&quot;:&quot;image\/png&quot;,&quot;extra_data&quot;:&quot;{\&quot;thumbnails_count\&quot;:0,\&quot;original_main_size\&quot;:3910,\&quot;class\&quot;:\&quot;RIO_Attachment_Extra_Data\&quot;}&quot;,&quot;created_at&quot;:1645390657}
20-02-2022 20:57:37 [consulting.local][info] End bulk optimization process! Scope: media-library. Remain: 11
-------------------------------
20-02-2022 20:57:38 [consulting.local][info] Start bulk optimization process! Scope: media-library
20-02-2022 20:57:38 [consulting.local][info] Preparing to upload a file (E:/OpenServer/domains/consulting-project/wp-content/uploads/2022/02/services_curve_drawing.png) to a remote server (server_1).
20-02-2022 20:57:38 [consulting.local][info] File successfully uploaded to remote server (server_1).
20-02-2022 20:57:38 [consulting.local][info] Preparing to upload a file (E:/OpenServer/domains/consulting-project/wp-content/uploads/2022/02/services_curve_drawing-92x150.png) to a remote server (server_1).
20-02-2022 20:57:38 [consulting.local][info] File successfully uploaded to remote server (server_1).
20-02-2022 20:57:38 [consulting.local][debug] New queue created #24, attributes values: {&quot;server_id&quot;:null,&quot;object_id&quot;:&quot;73&quot;,&quot;object_name&quot;:&quot;&quot;,&quot;item_type&quot;:&quot;attachment&quot;,&quot;item_hash&quot;:null,&quot;item_hash_alternative&quot;:null,&quot;result_status&quot;:&quot;success&quot;,&quot;processing_level&quot;:&quot;normal&quot;,&quot;is_backed_up&quot;:true,&quot;original_size&quot;:5156,&quot;final_size&quot;:3490,&quot;original_mime_type&quot;:&quot;image\/png&quot;,&quot;final_mime_type&quot;:&quot;image\/png&quot;,&quot;extra_data&quot;:&quot;{\&quot;thumbnails_count\&quot;:1,\&quot;original_main_size\&quot;:2631,\&quot;class\&quot;:\&quot;RIO_Attachment_Extra_Data\&quot;}&quot;,&quot;created_at&quot;:1645390658}
20-02-2022 20:57:38 [consulting.local][info] End bulk optimization process! Scope: media-library. Remain: 10
-------------------------------
20-02-2022 20:57:39 [consulting.local][info] Start bulk optimization process! Scope: media-library
20-02-2022 20:57:39 [consulting.local][info] Preparing to upload a file (E:/OpenServer/domains/consulting-project/wp-content/uploads/2022/02/services_curve_drawing-rotate.png) to a remote server (server_1).
20-02-2022 20:57:39 [consulting.local][info] File successfully uploaded to remote server (server_1).
20-02-2022 20:57:39 [consulting.local][info] Preparing to upload a file (E:/OpenServer/domains/consulting-project/wp-content/uploads/2022/02/services_curve_drawing-rotate-150x92.png) to a remote server (server_1).
20-02-2022 20:57:39 [consulting.local][info] File successfully uploaded to remote server (server_1).
20-02-2022 20:57:39 [consulting.local][debug] New queue created #25, attributes values: {&quot;server_id&quot;:null,&quot;object_id&quot;:&quot;74&quot;,&quot;object_name&quot;:&quot;&quot;,&quot;item_type&quot;:&quot;attachment&quot;,&quot;item_hash&quot;:null,&quot;item_hash_alternative&quot;:null,&quot;result_status&quot;:&quot;success&quot;,&quot;processing_level&quot;:&quot;normal&quot;,&quot;is_backed_up&quot;:true,&quot;original_size&quot;:4487,&quot;final_size&quot;:3334,&quot;original_mime_type&quot;:&quot;image\/png&quot;,&quot;final_mime_type&quot;:&quot;image\/png&quot;,&quot;extra_data&quot;:&quot;{\&quot;thumbnails_count\&quot;:1,\&quot;original_main_size\&quot;:2535,\&quot;class\&quot;:\&quot;RIO_Attachment_Extra_Data\&quot;}&quot;,&quot;created_at&quot;:1645390659}
20-02-2022 20:57:39 [consulting.local][info] End bulk optimization process! Scope: media-library. Remain: 9
-------------------------------
20-02-2022 20:57:40 [consulting.local][info] Start bulk optimization process! Scope: media-library
20-02-2022 20:57:40 [consulting.local][info] Preparing to upload a file (E:/OpenServer/domains/consulting-project/wp-content/uploads/2022/02/work-bg2.png) to a remote server (server_1).
20-02-2022 20:57:41 [consulting.local][info] File successfully uploaded to remote server (server_1).
20-02-2022 20:57:41 [consulting.local][info] Preparing to upload a file (E:/OpenServer/domains/consulting-project/wp-content/uploads/2022/02/work-bg2-150x150.png) to a remote server (server_1).
20-02-2022 20:57:41 [consulting.local][info] File successfully uploaded to remote server (server_1).
20-02-2022 20:57:41 [consulting.local][debug] New queue created #26, attributes values: {&quot;server_id&quot;:null,&quot;object_id&quot;:&quot;75&quot;,&quot;object_name&quot;:&quot;&quot;,&quot;item_type&quot;:&quot;attachment&quot;,&quot;item_hash&quot;:null,&quot;item_hash_alternative&quot;:null,&quot;result_status&quot;:&quot;success&quot;,&quot;processing_level&quot;:&quot;normal&quot;,&quot;is_backed_up&quot;:true,&quot;original_size&quot;:71299,&quot;final_size&quot;:64319,&quot;original_mime_type&quot;:&quot;image\/png&quot;,&quot;final_mime_type&quot;:&quot;image\/png&quot;,&quot;extra_data&quot;:&quot;{\&quot;thumbnails_count\&quot;:1,\&quot;original_main_size\&quot;:60704,\&quot;class\&quot;:\&quot;RIO_Attachment_Extra_Data\&quot;}&quot;,&quot;created_at&quot;:1645390661}
20-02-2022 20:57:41 [consulting.local][info] End bulk optimization process! Scope: media-library. Remain: 8
-------------------------------
20-02-2022 20:57:42 [consulting.local][info] Start bulk optimization process! Scope: media-library
20-02-2022 20:57:42 [consulting.local][info] Preparing to upload a file (E:/OpenServer/domains/consulting-project/wp-content/uploads/2022/02/work-bg3.png) to a remote server (server_1).
20-02-2022 20:57:43 [consulting.local][info] File successfully uploaded to remote server (server_1).
20-02-2022 20:57:43 [consulting.local][info] Preparing to upload a file (E:/OpenServer/domains/consulting-project/wp-content/uploads/2022/02/work-bg3-150x150.png) to a remote server (server_1).
20-02-2022 20:57:43 [consulting.local][info] File successfully uploaded to remote server (server_1).
20-02-2022 20:57:43 [consulting.local][debug] New queue created #27, attributes values: {&quot;server_id&quot;:null,&quot;object_id&quot;:&quot;76&quot;,&quot;object_name&quot;:&quot;&quot;,&quot;item_type&quot;:&quot;attachment&quot;,&quot;item_hash&quot;:null,&quot;item_hash_alternative&quot;:null,&quot;result_status&quot;:&quot;success&quot;,&quot;processing_level&quot;:&quot;normal&quot;,&quot;is_backed_up&quot;:true,&quot;original_size&quot;:63635,&quot;final_size&quot;:61120,&quot;original_mime_type&quot;:&quot;image\/png&quot;,&quot;final_mime_type&quot;:&quot;image\/png&quot;,&quot;extra_data&quot;:&quot;{\&quot;thumbnails_count\&quot;:1,\&quot;original_main_size\&quot;:57416,\&quot;class\&quot;:\&quot;RIO_Attachment_Extra_Data\&quot;}&quot;,&quot;created_at&quot;:1645390663}
20-02-2022 20:57:43 [consulting.local][info] End bulk optimization process! Scope: media-library. Remain: 7
-------------------------------
20-02-2022 20:57:44 [consulting.local][info] Start bulk optimization process! Scope: media-library
20-02-2022 20:57:44 [consulting.local][info] Preparing to upload a file (E:/OpenServer/domains/consulting-project/wp-content/uploads/2022/02/work-bg4.png) to a remote server (server_1).
20-02-2022 20:57:45 [consulting.local][info] File successfully uploaded to remote server (server_1).
20-02-2022 20:57:45 [consulting.local][info] Preparing to upload a file (E:/OpenServer/domains/consulting-project/wp-content/uploads/2022/02/work-bg4-150x150.png) to a remote server (server_1).
20-02-2022 20:57:45 [consulting.local][info] File successfully uploaded to remote server (server_1).
20-02-2022 20:57:45 [consulting.local][debug] New queue created #28, attributes values: {&quot;server_id&quot;:null,&quot;object_id&quot;:&quot;77&quot;,&quot;object_name&quot;:&quot;&quot;,&quot;item_type&quot;:&quot;attachment&quot;,&quot;item_hash&quot;:null,&quot;item_hash_alternative&quot;:null,&quot;result_status&quot;:&quot;success&quot;,&quot;processing_level&quot;:&quot;normal&quot;,&quot;is_backed_up&quot;:true,&quot;original_size&quot;:59663,&quot;final_size&quot;:56143,&quot;original_mime_type&quot;:&quot;image\/png&quot;,&quot;final_mime_type&quot;:&quot;image\/png&quot;,&quot;extra_data&quot;:&quot;{\&quot;thumbnails_count\&quot;:1,\&quot;original_main_size\&quot;:52238,\&quot;class\&quot;:\&quot;RIO_Attachment_Extra_Data\&quot;}&quot;,&quot;created_at&quot;:1645390665}
20-02-2022 20:57:45 [consulting.local][info] End bulk optimization process! Scope: media-library. Remain: 6
-------------------------------
20-02-2022 20:57:45 [consulting.local][info] Start bulk optimization process! Scope: media-library
20-02-2022 20:57:45 [consulting.local][info] Preparing to upload a file (E:/OpenServer/domains/consulting-project/wp-content/uploads/2022/02/work-bg11.png) to a remote server (server_1).
20-02-2022 20:57:46 [consulting.local][info] File successfully uploaded to remote server (server_1).
20-02-2022 20:57:46 [consulting.local][info] Preparing to upload a file (E:/OpenServer/domains/consulting-project/wp-content/uploads/2022/02/work-bg11-150x150.png) to a remote server (server_1).
20-02-2022 20:57:46 [consulting.local][info] File successfully uploaded to remote server (server_1).
20-02-2022 20:57:47 [consulting.local][debug] New queue created #29, attributes values: {&quot;server_id&quot;:null,&quot;object_id&quot;:&quot;78&quot;,&quot;object_name&quot;:&quot;&quot;,&quot;item_type&quot;:&quot;attachment&quot;,&quot;item_hash&quot;:null,&quot;item_hash_alternative&quot;:null,&quot;result_status&quot;:&quot;success&quot;,&quot;processing_level&quot;:&quot;normal&quot;,&quot;is_backed_up&quot;:true,&quot;original_size&quot;:87663,&quot;final_size&quot;:74845,&quot;original_mime_type&quot;:&quot;image\/png&quot;,&quot;final_mime_type&quot;:&quot;image\/png&quot;,&quot;extra_data&quot;:&quot;{\&quot;thumbnails_count\&quot;:1,\&quot;original_main_size\&quot;:67791,\&quot;class\&quot;:\&quot;RIO_Attachment_Extra_Data\&quot;}&quot;,&quot;created_at&quot;:1645390667}
20-02-2022 20:57:47 [consulting.local][info] End bulk optimization process! Scope: media-library. Remain: 5
-------------------------------
20-02-2022 20:57:47 [consulting.local][info] Start bulk optimization process! Scope: media-library
20-02-2022 20:57:47 [consulting.local][info] Preparing to upload a file (E:/OpenServer/domains/consulting-project/wp-content/uploads/2022/02/work-bg22.png) to a remote server (server_1).
20-02-2022 20:57:47 [consulting.local][info] File successfully uploaded to remote server (server_1).
20-02-2022 20:57:48 [consulting.local][info] Preparing to upload a file (E:/OpenServer/domains/consulting-project/wp-content/uploads/2022/02/work-bg22-150x150.png) to a remote server (server_1).
20-02-2022 20:57:48 [consulting.local][info] File successfully uploaded to remote server (server_1).
20-02-2022 20:57:48 [consulting.local][debug] New queue created #30, attributes values: {&quot;server_id&quot;:null,&quot;object_id&quot;:&quot;79&quot;,&quot;object_name&quot;:&quot;&quot;,&quot;item_type&quot;:&quot;attachment&quot;,&quot;item_hash&quot;:null,&quot;item_hash_alternative&quot;:null,&quot;result_status&quot;:&quot;success&quot;,&quot;processing_level&quot;:&quot;normal&quot;,&quot;is_backed_up&quot;:true,&quot;original_size&quot;:81170,&quot;final_size&quot;:65160,&quot;original_mime_type&quot;:&quot;image\/png&quot;,&quot;final_mime_type&quot;:&quot;image\/png&quot;,&quot;extra_data&quot;:&quot;{\&quot;thumbnails_count\&quot;:1,\&quot;original_main_size\&quot;:58376,\&quot;class\&quot;:\&quot;RIO_Attachment_Extra_Data\&quot;}&quot;,&quot;created_at&quot;:1645390668}
20-02-2022 20:57:48 [consulting.local][info] End bulk optimization process! Scope: media-library. Remain: 4
-------------------------------
20-02-2022 20:57:48 [consulting.local][info] Start bulk optimization process! Scope: media-library
20-02-2022 20:57:48 [consulting.local][info] Preparing to upload a file (E:/OpenServer/domains/consulting-project/wp-content/uploads/2022/02/work-bg33.png) to a remote server (server_1).
20-02-2022 20:57:49 [consulting.local][info] File successfully uploaded to remote server (server_1).
20-02-2022 20:57:49 [consulting.local][info] Preparing to upload a file (E:/OpenServer/domains/consulting-project/wp-content/uploads/2022/02/work-bg33-150x150.png) to a remote server (server_1).
20-02-2022 20:57:49 [consulting.local][info] File successfully uploaded to remote server (server_1).
20-02-2022 20:57:49 [consulting.local][debug] New queue created #31, attributes values: {&quot;server_id&quot;:null,&quot;object_id&quot;:&quot;80&quot;,&quot;object_name&quot;:&quot;&quot;,&quot;item_type&quot;:&quot;attachment&quot;,&quot;item_hash&quot;:null,&quot;item_hash_alternative&quot;:null,&quot;result_status&quot;:&quot;success&quot;,&quot;processing_level&quot;:&quot;normal&quot;,&quot;is_backed_up&quot;:true,&quot;original_size&quot;:68838,&quot;final_size&quot;:57077,&quot;original_mime_type&quot;:&quot;image\/png&quot;,&quot;final_mime_type&quot;:&quot;image\/png&quot;,&quot;extra_data&quot;:&quot;{\&quot;thumbnails_count\&quot;:1,\&quot;original_main_size\&quot;:50381,\&quot;class\&quot;:\&quot;RIO_Attachment_Extra_Data\&quot;}&quot;,&quot;created_at&quot;:1645390669}
20-02-2022 20:57:49 [consulting.local][info] End bulk optimization process! Scope: media-library. Remain: 3
-------------------------------
20-02-2022 20:57:50 [consulting.local][info] Start bulk optimization process! Scope: media-library
20-02-2022 20:57:50 [consulting.local][info] Preparing to upload a file (E:/OpenServer/domains/consulting-project/wp-content/uploads/2022/02/work-bg44.png) to a remote server (server_1).
20-02-2022 20:57:50 [consulting.local][info] File successfully uploaded to remote server (server_1).
20-02-2022 20:57:51 [consulting.local][info] Preparing to upload a file (E:/OpenServer/domains/consulting-project/wp-content/uploads/2022/02/work-bg44-150x150.png) to a remote server (server_1).
20-02-2022 20:57:51 [consulting.local][info] File successfully uploaded to remote server (server_1).
20-02-2022 20:57:51 [consulting.local][debug] New queue created #32, attributes values: {&quot;server_id&quot;:null,&quot;object_id&quot;:&quot;81&quot;,&quot;object_name&quot;:&quot;&quot;,&quot;item_type&quot;:&quot;attachment&quot;,&quot;item_hash&quot;:null,&quot;item_hash_alternative&quot;:null,&quot;result_status&quot;:&quot;success&quot;,&quot;processing_level&quot;:&quot;normal&quot;,&quot;is_backed_up&quot;:true,&quot;original_size&quot;:66766,&quot;final_size&quot;:55428,&quot;original_mime_type&quot;:&quot;image\/png&quot;,&quot;final_mime_type&quot;:&quot;image\/png&quot;,&quot;extra_data&quot;:&quot;{\&quot;thumbnails_count\&quot;:1,\&quot;original_main_size\&quot;:48728,\&quot;class\&quot;:\&quot;RIO_Attachment_Extra_Data\&quot;}&quot;,&quot;created_at&quot;:1645390671}
20-02-2022 20:57:51 [consulting.local][info] End bulk optimization process! Scope: media-library. Remain: 2
-------------------------------
20-02-2022 20:57:51 [consulting.local][info] Start bulk optimization process! Scope: media-library
20-02-2022 20:57:51 [consulting.local][info] Preparing to upload a file (E:/OpenServer/domains/consulting-project/wp-content/uploads/2022/02/cropped-favicon.png) to a remote server (server_1).
20-02-2022 20:57:52 [consulting.local][info] File successfully uploaded to remote server (server_1).
20-02-2022 20:57:52 [consulting.local][info] Preparing to upload a file (E:/OpenServer/domains/consulting-project/wp-content/uploads/2022/02/cropped-favicon-150x150.png) to a remote server (server_1).
20-02-2022 20:57:52 [consulting.local][info] File successfully uploaded to remote server (server_1).
20-02-2022 20:57:52 [consulting.local][debug] New queue created #33, attributes values: {&quot;server_id&quot;:null,&quot;object_id&quot;:&quot;164&quot;,&quot;object_name&quot;:&quot;&quot;,&quot;item_type&quot;:&quot;attachment&quot;,&quot;item_hash&quot;:null,&quot;item_hash_alternative&quot;:null,&quot;result_status&quot;:&quot;success&quot;,&quot;processing_level&quot;:&quot;normal&quot;,&quot;is_backed_up&quot;:true,&quot;original_size&quot;:7811,&quot;final_size&quot;:5298,&quot;original_mime_type&quot;:&quot;image\/png&quot;,&quot;final_mime_type&quot;:&quot;image\/png&quot;,&quot;extra_data&quot;:&quot;{\&quot;thumbnails_count\&quot;:1,\&quot;original_main_size\&quot;:4486,\&quot;class\&quot;:\&quot;RIO_Attachment_Extra_Data\&quot;}&quot;,&quot;created_at&quot;:1645390672}
20-02-2022 20:57:52 [consulting.local][info] End bulk optimization process! Scope: media-library. Remain: 1
-------------------------------
20-02-2022 20:57:52 [consulting.local][info] Start bulk optimization process! Scope: media-library
20-02-2022 20:57:52 [consulting.local][info] Preparing to upload a file (E:/OpenServer/domains/consulting-project/wp-content/uploads/2022/02/arrdown.png) to a remote server (server_1).
20-02-2022 20:57:53 [consulting.local][info] File successfully uploaded to remote server (server_1).
20-02-2022 20:57:53 [consulting.local][debug] New queue created #34, attributes values: {&quot;server_id&quot;:null,&quot;object_id&quot;:&quot;304&quot;,&quot;object_name&quot;:&quot;&quot;,&quot;item_type&quot;:&quot;attachment&quot;,&quot;item_hash&quot;:null,&quot;item_hash_alternative&quot;:null,&quot;result_status&quot;:&quot;success&quot;,&quot;processing_level&quot;:&quot;normal&quot;,&quot;is_backed_up&quot;:true,&quot;original_size&quot;:842,&quot;final_size&quot;:752,&quot;original_mime_type&quot;:&quot;image\/png&quot;,&quot;final_mime_type&quot;:&quot;image\/png&quot;,&quot;extra_data&quot;:&quot;{\&quot;thumbnails_count\&quot;:0,\&quot;original_main_size\&quot;:842,\&quot;class\&quot;:\&quot;RIO_Attachment_Extra_Data\&quot;}&quot;,&quot;created_at&quot;:1645390673}
20-02-2022 20:57:53 [consulting.local][info] End bulk optimization process! Scope: media-library. Remain: 0
-------------------------------
20-02-2022 21:09:57 [consulting.local][info] Start cron job. Scope: media-library
20-02-2022 21:09:57 [consulting.local][info] End cron job. Scope: media-library
-------------------------------